<?xml version="1.0" encoding="UTF-8"?>
<!-- Generated by org.testng.reporters.JUnitXMLReporter -->
<testsuite hostname="KELLGGNCPU0126" name="Test" tests="1" failures="1" timestamp="2 Jan 2020 10:17:53 GMT" time="36.568" errors="0">
  <testcase name="test_hover" time="8.772" classname="sourcesoft.proassur.HomePageTest">
    <failure type="org.openqa.selenium.NoSuchElementException" message="Cannot locate option with value: 2006
For documentation on this error, please visit: https://www.seleniumhq.org/exceptions/no_such_element.html
Build info: version: &amp;apos;3.141.59&amp;apos;, revision: &amp;apos;e82be7d358&amp;apos;, time: &amp;apos;2018-11-14T08:17:03&amp;apos;
System info: host: &amp;apos;KELLGGNCPU0126&amp;apos;, ip: &amp;apos;192.168.15.53&amp;apos;, os.name: &amp;apos;Windows 10&amp;apos;, os.arch: &amp;apos;amd64&amp;apos;, os.version: &amp;apos;10.0&amp;apos;, java.version: &amp;apos;1.8.0_231&amp;apos;
Driver info: driver.version: unknown">
      <![CDATA[org.openqa.selenium.NoSuchElementException: Cannot locate option with value: 2006
For documentation on this error, please visit: https://www.seleniumhq.org/exceptions/no_such_element.html
Build info: version: '3.141.59', revision: 'e82be7d358', time: '2018-11-14T08:17:03'
System info: host: 'KELLGGNCPU0126', ip: '192.168.15.53', os.name: 'Windows 10', os.arch: 'amd64', os.version: '10.0', java.version: '1.8.0_231'
Driver info: driver.version: unknown
	at org.openqa.selenium.support.ui.Select.findOptionsByValue(Select.java:283)
	at org.openqa.selenium.support.ui.Select.selectByValue(Select.java:186)
	at sourcesoft.proassur.Utility.selectElementByvalueMethod(Utility.java:33)
	at sourcesoft.proassur.HomePageTest.test_hover(HomePageTest.java:51)
... Removed 24 stack frames]]>
    </failure>
  </testcase> <!-- test_hover -->
</testsuite> <!-- Test -->
